\BOOKMARK [0][-]{section*.3}{\376\377\000P\000r\000e\000f\000a\000c\000e}{}% 1
\BOOKMARK [0][-]{section*.5}{\376\377\000P\000r\000e\000l\000u\000d\000e\000:\000\040\000C\000a\000n\000\040\000t\000h\000e\000\040\000S\000y\000s\000t\000e\000m\000\040\000o\000f\000\040\000C\000l\000a\000s\000s\000i\000c\000a\000l\000\040\000P\000h\000y\000s\000i\000c\000s\000\040\000C\000o\000n\000c\000e\000p\000t\000s\000\040\000B\000e\000\040\000C\000o\000n\000s\000i\000d\000e\000r\000e\000d\000\040\000L\000o\000g\000i\000c\000a\000l\000l\000y\000\040\000P\000e\000r\000f\000e\000c\000t\000?}{}% 2
\BOOKMARK [0][-]{chapter.1}{\376\377\000P\000h\000y\000s\000i\000c\000s\000\040\000o\000f\000\040\000t\000h\000e\000\040\000M\000i\000c\000r\000o\000p\000a\000r\000t\000i\000c\000l\000e\000s}{}% 3
\BOOKMARK [1][-]{section.1.1}{\376\377\000C\000e\000r\000t\000a\000i\000n\000\040\000C\000h\000a\000r\000a\000c\000t\000e\000r\000i\000s\000t\000i\000c\000s\000\040\000a\000n\000d\000\040\000P\000r\000o\000p\000e\000r\000t\000i\000e\000s\000\040\000o\000f\000\040\000M\000i\000c\000r\000o\000p\000a\000r\000t\000i\000c\000l\000e\000s}{chapter.1}% 4
\BOOKMARK [1][-]{section.1.2}{\376\377\000T\000w\000o\000\040\000F\000u\000n\000d\000a\000m\000e\000n\000t\000a\000l\000\040\000I\000d\000e\000a\000s\000\040\000o\000f\000\040\000Q\000u\000a\000n\000t\000u\000m\000\040\000M\000e\000c\000h\000a\000n\000i\000c\000s}{chapter.1}% 5
\BOOKMARK [1][-]{section.1.3}{\376\377\000U\000n\000c\000e\000r\000t\000a\000i\000n\000t\000y\000\040\000R\000e\000l\000a\000t\000i\000o\000n\000s}{chapter.1}% 6
\BOOKMARK [1][-]{section.1.4}{\376\377\000S\000o\000m\000e\000\040\000R\000e\000s\000u\000l\000t\000s\000\040\000E\000n\000s\000u\000i\000n\000g\000\040\000f\000r\000o\000m\000\040\000t\000h\000e\000\040\000U\000n\000c\000e\000r\000t\000a\000i\000n\000t\000y\000\040\000R\000e\000l\000a\000t\000i\000o\000n\000s}{chapter.1}% 7
\BOOKMARK [1][-]{section.1.5}{\376\377\000I\000m\000p\000o\000s\000s\000i\000b\000i\000l\000i\000t\000y\000\040\000o\000f\000\040\000C\000l\000a\000s\000s\000i\000c\000a\000l\000\040\000R\000e\000p\000r\000e\000s\000e\000n\000t\000a\000t\000i\000o\000n\000\040\000o\000f\000\040\000a\000\040\000M\000i\000c\000r\000o\000p\000a\000r\000t\000i\000c\000l\000e}{chapter.1}% 8
\BOOKMARK [1][-]{section.1.6}{\376\377\000R\000e\000j\000e\000c\000t\000i\000o\000n\000\040\000o\000f\000\040\000I\000d\000e\000a\000s\000\040\000o\000f\000\040\000C\000l\000a\000s\000s\000i\000c\000a\000l\000\040\000P\000h\000y\000s\000i\000c\000s}{chapter.1}% 9
\BOOKMARK [1][-]{figure.1.6.2}{\376\377\000I\000n\000t\000e\000r\000l\000u\000d\000e\000:\000\040\000I\000s\000\040\000a\000\040\000`\000`\000P\000h\000y\000s\000i\000c\000a\000l\000l\000y\000\040\000I\000n\000t\000u\000i\000t\000i\000v\000e\000'\000'\000\040\000M\000o\000d\000e\000l\000\040\000o\000f\000\040\000a\000\040\000M\000i\000c\000r\000o\000p\000a\000r\000t\000i\000c\000l\000e\000\040\000P\000o\000s\000s\000i\000b\000l\000e\000?}{chapter.1}% 10
\BOOKMARK [0][-]{chapter.2}{\376\377\000P\000h\000y\000s\000i\000c\000a\000l\000\040\000F\000o\000u\000n\000d\000a\000t\000i\000o\000n\000s\000\040\000o\000f\000\040\000Q\000u\000a\000n\000t\000u\000m\000\040\000M\000e\000c\000h\000a\000n\000i\000c\000s}{}% 11
\BOOKMARK [1][-]{section.2.7}{\376\377\000S\000o\000m\000e\000\040\000B\000a\000s\000i\000c\000\040\000E\000x\000p\000e\000r\000i\000m\000e\000n\000t\000s}{chapter.2}% 12
\BOOKMARK [1][-]{section.2.8}{\376\377\000A\000m\000p\000l\000i\000t\000u\000d\000e\000s\000\040\000o\000f\000\040\000T\000r\000a\000n\000s\000i\000t\000i\000o\000n\000\040\000P\000r\000o\000b\000a\000b\000i\000l\000i\000t\000i\000e\000s\000\040\000\050\000F\000o\000r\000m\000u\000l\000a\000t\000i\000o\000n\000\040\000o\000f\000\040\000B\000a\000s\000i\000c\000\040\000P\000r\000i\000n\000c\000i\000p\000l\000e\000s\000\051}{chapter.2}% 13
\BOOKMARK [1][-]{section.2.9}{\376\377\000A\000m\000p\000l\000i\000t\000u\000d\000e\000s\000\040\000o\000f\000\040\000T\000r\000a\000n\000s\000i\000t\000i\000o\000n\000\040\000P\000r\000o\000b\000a\000b\000i\000l\000i\000t\000i\000e\000s\000\040\000\050\000D\000e\000m\000o\000n\000s\000t\000r\000a\000t\000i\000o\000n\000\040\000o\000f\000\040\000B\000a\000s\000i\000c\000\040\000P\000r\000i\000n\000c\000i\000p\000l\000e\000s\000\051}{chapter.2}% 14
\BOOKMARK [1][-]{section.2.10}{\376\377\000S\000u\000p\000e\000r\000p\000o\000s\000i\000t\000i\000o\000n\000\040\000o\000f\000\040\000S\000t\000a\000t\000e\000s}{chapter.2}% 15
\BOOKMARK [1][-]{section.2.11}{\376\377\000M\000e\000a\000s\000u\000r\000e\000m\000e\000n\000t\000\040\000i\000n\000\040\000Q\000u\000a\000n\000t\000u\000m\000\040\000M\000e\000c\000h\000a\000n\000i\000c\000s}{chapter.2}% 16
\BOOKMARK [1][-]{equation.2.11.6}{\376\377\000I\000n\000t\000e\000r\000l\000u\000d\000e\000:\000\040\000A\000r\000e\000\040\000T\000h\000e\000s\000e\000\040\000t\000h\000e\000\040\000S\000a\000m\000e\000\040\000W\000a\000v\000e\000s\000?\000,\000\040\000O\000r\000,\000\040\000A\000g\000a\000i\000n\000\040\000o\000n\000\040\000W\000a\000v\000e\000s\000\040\000i\000n\000\040\000Q\000u\000a\000n\000t\000u\000m\000\040\000M\000e\000c\000h\000a\000n\000i\000c\000s}{chapter.2}% 17
\BOOKMARK [1][-]{section.2.12}{\376\377\000C\000a\000u\000s\000a\000l\000i\000t\000y\000\040\000i\000n\000\040\000Q\000u\000a\000n\000t\000u\000m\000\040\000M\000e\000c\000h\000a\000n\000i\000c\000s}{chapter.2}% 18
\BOOKMARK [1][-]{section.2.13}{\376\377\000M\000i\000c\000r\000o\000p\000a\000r\000t\000i\000c\000l\000e\000s\000\040\000w\000i\000t\000h\000\040\000T\000w\000o\000\040\000B\000a\000s\000i\000c\000\040\000S\000t\000a\000t\000e\000s}{chapter.2}% 19
\BOOKMARK [1][-]{section.2.14}{\376\377\000T\000h\000e\000\040\000E\000l\000e\000c\000t\000r\000o\000n\000\040\000i\000n\000\040\000a\000\040\000M\000a\000g\000n\000e\000t\000i\000c\000\040\000F\000i\000e\000l\000d}{chapter.2}% 20
\BOOKMARK [1][-]{section.2.15}{\376\377\000T\000h\000e\000\040\000W\000a\000v\000e\000\040\000F\000u\000n\000c\000t\000i\000o\000n}{chapter.2}% 21
\BOOKMARK [1][-]{section.2.16}{\376\377\000Q\000u\000a\000n\000t\000u\000m\000\040\000M\000e\000c\000h\000a\000n\000i\000c\000s\000\040\000a\000s\000\040\000a\000\040\000Q\000u\000a\000l\000i\000t\000a\000t\000i\000v\000e\000\040\000L\000e\000a\000p\000\040\000i\000n\000\040\000M\000a\000n\000'\000s\000\040\000K\000n\000o\000w\000l\000e\000d\000g\000e\000\040\000o\000f\000\040\000t\000h\000e\000\040\000L\000a\000w\000s\000\040\000o\000f\000\040\000N\000a\000t\000u\000r\000e}{chapter.2}% 22
\BOOKMARK [1][-]{equation.2.16.6}{\376\377\000A\000\040\000B\000r\000i\000e\000f\000\040\000I\000n\000t\000e\000r\000l\000u\000d\000e}{chapter.2}% 23
\BOOKMARK [1][-]{equation.2.16.6}{\376\377\000I\000n\000t\000e\000r\000l\000u\000d\000e\000:\000\040\000D\000o\000\040\000Q\000u\000a\000n\000t\000u\000m\000-\000M\000e\000c\000h\000a\000n\000i\000c\000a\000l\000\040\000C\000o\000n\000c\000e\000p\000t\000s\000\040\000C\000o\000n\000t\000r\000a\000d\000i\000c\000t\000\040\000O\000u\000r\000\040\000C\000o\000m\000m\000o\000n\000\040\000S\000e\000n\000s\000e\000?}{chapter.2}% 24
\BOOKMARK [0][-]{chapter.3}{\376\377\000L\000i\000n\000e\000a\000r\000\040\000O\000p\000e\000r\000a\000t\000o\000r\000s\000\040\000i\000n\000\040\000Q\000u\000a\000n\000t\000u\000m\000\040\000M\000e\000c\000h\000a\000n\000i\000c\000s}{}% 25
\BOOKMARK [1][-]{section.3.17}{\376\377\000A\000\040\000B\000r\000i\000e\000f\000\040\000L\000o\000o\000k\000\040\000a\000t\000\040\000t\000h\000e\000\040\000T\000h\000e\000o\000r\000y\000\040\000o\000f\000\040\000L\000i\000n\000e\000a\000r\000\040\000O\000p\000e\000r\000a\000t\000o\000r\000s}{chapter.3}% 26
\BOOKMARK [1][-]{section.3.18}{\376\377\000F\000r\000o\000m\000\040\000H\000a\000m\000i\000l\000t\000o\000n\000i\000a\000n\000\040\000M\000a\000t\000r\000i\000x\000\040\000t\000o\000\040\000E\000n\000e\000r\000g\000y\000\040\000O\000p\000e\000r\000a\000t\000o\000r}{chapter.3}% 27
\BOOKMARK [1][-]{section.3.19}{\376\377\000L\000i\000n\000e\000a\000r\000\040\000O\000p\000e\000r\000a\000t\000o\000r\000s\000\040\000i\000n\000\040\000Q\000u\000a\000n\000t\000u\000m\000\040\000M\000e\000c\000h\000a\000n\000i\000c\000s}{chapter.3}% 28
\BOOKMARK [1][-]{section.3.20}{\376\377\000T\000h\000e\000\040\000Q\000u\000a\000n\000t\000u\000m\000-\000M\000e\000c\000h\000a\000n\000i\000c\000a\000l\000\040\000A\000p\000p\000a\000r\000a\000t\000u\000s\000\040\000i\000n\000\040\000C\000o\000o\000r\000d\000i\000n\000a\000t\000e\000\040\000R\000e\000p\000r\000e\000s\000e\000n\000t\000a\000t\000i\000o\000n}{chapter.3}% 29
\BOOKMARK [1][-]{section.3.21}{\376\377\000A\000p\000p\000l\000i\000c\000a\000t\000i\000o\000n\000s\000\040\000o\000f\000\040\000t\000h\000e\000\040\000S\000c\000h\000r\000\366\000d\000i\000n\000g\000e\000r\000\040\000E\000q\000u\000a\000t\000i\000o\000n}{chapter.3}% 30
\BOOKMARK [1][-]{section.3.22}{\376\377\000T\000h\000e\000\040\000H\000a\000m\000i\000l\000t\000o\000n\000i\000a\000n\000\040\000i\000n\000\040\000S\000o\000m\000e\000\040\000S\000p\000e\000c\000i\000f\000i\000c\000\040\000P\000r\000o\000b\000l\000e\000m\000s}{chapter.3}% 31
\BOOKMARK [1][-]{section.3.23}{\376\377\000T\000r\000a\000n\000s\000i\000t\000i\000o\000n\000\040\000t\000o\000\040\000t\000h\000e\000\040\000M\000o\000m\000e\000n\000t\000u\000m\000\040\000R\000e\000p\000r\000e\000s\000e\000n\000t\000a\000t\000i\000o\000n}{chapter.3}% 32
\BOOKMARK [1][-]{section.3.24}{\376\377\000A\000n\000\040\000E\000l\000e\000c\000t\000r\000o\000n\000\040\000i\000n\000\040\000a\000\040\000P\000e\000r\000i\000o\000d\000i\000c\000\040\000F\000i\000e\000l\000d}{chapter.3}% 33
\BOOKMARK [1][-]{section.3.25}{\376\377\000T\000h\000e\000\040\000P\000r\000o\000b\000a\000b\000i\000l\000i\000t\000y\000\040\000o\000f\000\040\000Q\000u\000a\000n\000t\000u\000m\000\040\000T\000r\000a\000n\000s\000i\000t\000i\000o\000n\000s}{chapter.3}% 34
\BOOKMARK [1][-]{section.3.26}{\376\377\000W\000a\000y\000s\000\040\000o\000f\000\040\000D\000e\000s\000c\000r\000i\000b\000i\000n\000g\000\040\000E\000v\000o\000l\000u\000t\000i\000o\000n\000\040\000o\000f\000\040\000M\000i\000c\000r\000o\000s\000y\000s\000t\000e\000m\000s\000\040\000w\000i\000t\000h\000\040\000T\000i\000m\000e}{chapter.3}% 35
\BOOKMARK [0][-]{chapter*.7}{\376\377\000A\000\040\000B\000r\000i\000e\000f\000\040\000H\000i\000s\000t\000o\000r\000i\000c\000a\000l\000\040\000S\000u\000r\000v\000e\000y}{}% 36
\BOOKMARK [0][-]{chapter*.8}{\376\377\000A\000p\000p\000e\000n\000d\000i\000x\000\040\000A}{}% 37
\BOOKMARK [0][-]{chapter*.9}{\376\377\000B\000i\000b\000l\000i\000o\000g\000r\000a\000p\000h\000y}{}% 38
