This is pdfTeXk, Version 3.141592-1.40.3 (Web2C 7.5.6) (format=pdflatex 2007.12.13)  30 DEC 2008 22:41
entering extended mode
\write18 enabled.
 %&-line parsing enabled.
**"tarasova 1.tex"
(./tarasova 1.tex
LaTeX2e <2005/12/01>
Babel <v3.8h> and hyphenation patterns for english, usenglishmax, dumylang, noh
yphenation, arabic, basque, bulgarian, coptic, welsh, czech, slovak, german, ng
erman, danish, esperanto, spanish, catalan, galician, estonian, farsi, finnish,
 french, greek, monogreek, ancientgreek, croatian, hungarian, interlingua, ibyc
us, indonesian, icelandic, italian, latin, mongolian, dutch, norsk, polish, por
tuguese, pinyin, romanian, russian, slovenian, uppersorbian, serbian, swedish, 
turkish, ukenglish, ukrainian, loaded.
(/usr/local/texlive/2007/texmf-dist/tex/latex/base/book.cls
Document Class: book 2005/09/16 v1.4f Standard LaTeX document class
(/usr/local/texlive/2007/texmf-dist/tex/latex/base/bk12.clo
File: bk12.clo 2005/09/16 v1.4f Standard LaTeX file (size option)
)
\c@part=\count79
\c@chapter=\count80
\c@section=\count81
\c@subsection=\count82
\c@subsubsection=\count83
\c@paragraph=\count84
\c@subparagraph=\count85
\c@figure=\count86
\c@table=\count87
\abovecaptionskip=\skip41
\belowcaptionskip=\skip42
\bibindent=\dimen102
)
(/usr/local/texlive/2007/texmf-dist/tex/latex/amsmath/amsmath.sty
Package: amsmath 2000/07/18 v2.13 AMS math features
\@mathmargin=\skip43

For additional information on amsmath, use the `?' option.
(/usr/local/texlive/2007/texmf-dist/tex/latex/amsmath/amstext.sty
Package: amstext 2000/06/29 v2.01

(/usr/local/texlive/2007/texmf-dist/tex/latex/amsmath/amsgen.sty
File: amsgen.sty 1999/11/30 v2.0
\@emptytoks=\toks14
\ex@=\dimen103
))
(/usr/local/texlive/2007/texmf-dist/tex/latex/amsmath/amsbsy.sty
Package: amsbsy 1999/11/29 v1.2d
\pmbraise@=\dimen104
)
(/usr/local/texlive/2007/texmf-dist/tex/latex/amsmath/amsopn.sty
Package: amsopn 1999/12/14 v2.01 operator names
)
\inf@bad=\count88
LaTeX Info: Redefining \frac on input line 211.
\uproot@=\count89
\leftroot@=\count90
LaTeX Info: Redefining \overline on input line 307.
\classnum@=\count91
\DOTSCASE@=\count92
LaTeX Info: Redefining \ldots on input line 379.
LaTeX Info: Redefining \dots on input line 382.
LaTeX Info: Redefining \cdots on input line 467.
\Mathstrutbox@=\box26
\strutbox@=\box27
\big@size=\dimen105
LaTeX Font Info:    Redeclaring font encoding OML on input line 567.
LaTeX Font Info:    Redeclaring font encoding OMS on input line 568.
\macc@depth=\count93
\c@MaxMatrixCols=\count94
\dotsspace@=\muskip10
\c@parentequation=\count95
\dspbrk@lvl=\count96
\tag@help=\toks15
\row@=\count97
\column@=\count98
\maxfields@=\count99
\andhelp@=\toks16
\eqnshift@=\dimen106
\alignsep@=\dimen107
\tagshift@=\dimen108
\tagwidth@=\dimen109
\totwidth@=\dimen110
\lineht@=\dimen111
\@envbody=\toks17
\multlinegap=\skip44
\multlinetaggap=\skip45
\mathdisplay@stack=\toks18
LaTeX Info: Redefining \[ on input line 2666.
LaTeX Info: Redefining \] on input line 2667.
)
(/usr/local/texlive/2007/texmf-dist/tex/latex/amsfonts/amssymb.sty
Package: amssymb 2002/01/22 v2.2d

(/usr/local/texlive/2007/texmf-dist/tex/latex/amsfonts/amsfonts.sty
Package: amsfonts 2001/10/25 v2.2f
\symAMSa=\mathgroup4
\symAMSb=\mathgroup5
LaTeX Font Info:    Overwriting math alphabet `\mathfrak' in version `bold'
(Font)                  U/euf/m/n --> U/euf/b/n on input line 132.
))
(/usr/local/texlive/2007/texmf-dist/tex/latex/was/gensymb.sty
Package: gensymb 2003/07/02 v1.0 (WaS)
)
(/usr/local/texlive/2007/texmf-dist/tex/latex/euler/euler.sty
Package: euler 1995/03/05 v2.5

Package: `euler' v2.5 <1995/03/05> (FJ and FMi)
LaTeX Font Info:    Redeclaring symbol font `letters' on input line 35.

LaTeX Font Warning: Encoding `OML' has changed to `U' for symbol font
(Font)              `letters' in the math version `normal' on input line 35.

LaTeX Font Info:    Overwriting symbol font `letters' in version `normal'
(Font)                  OML/cmm/m/it --> U/eur/m/n on input line 35.

LaTeX Font Warning: Encoding `OML' has changed to `U' for symbol font
(Font)              `letters' in the math version `bold' on input line 35.

LaTeX Font Info:    Overwriting symbol font `letters' in version `bold'
(Font)                  OML/cmm/b/it --> U/eur/m/n on input line 35.
LaTeX Font Info:    Overwriting symbol font `letters' in version `bold'
(Font)                  U/eur/m/n --> U/eur/b/n on input line 36.
LaTeX Font Info:    Redeclaring math symbol \Gamma on input line 47.
LaTeX Font Info:    Redeclaring math symbol \Delta on input line 48.
LaTeX Font Info:    Redeclaring math symbol \Theta on input line 49.
LaTeX Font Info:    Redeclaring math symbol \Lambda on input line 50.
LaTeX Font Info:    Redeclaring math symbol \Xi on input line 51.
LaTeX Font Info:    Redeclaring math symbol \Pi on input line 52.
LaTeX Font Info:    Redeclaring math symbol \Sigma on input line 53.
LaTeX Font Info:    Redeclaring math symbol \Upsilon on input line 54.
LaTeX Font Info:    Redeclaring math symbol \Phi on input line 55.
LaTeX Font Info:    Redeclaring math symbol \Psi on input line 56.
LaTeX Font Info:    Redeclaring math symbol \Omega on input line 57.
\symEulerFraktur=\mathgroup6
LaTeX Font Info:    Overwriting symbol font `EulerFraktur' in version `bold'
(Font)                  U/euf/m/n --> U/euf/b/n on input line 63.
LaTeX Font Info:    Redeclaring math alphabet \mathfrak on input line 64.
LaTeX Info: Redefining \oldstylenums on input line 85.
\symEulerScript=\mathgroup7
LaTeX Font Info:    Overwriting symbol font `EulerScript' in version `bold'
(Font)                  U/eus/m/n --> U/eus/b/n on input line 93.
LaTeX Font Info:    Redeclaring math symbol \aleph on input line 97.
LaTeX Font Info:    Redeclaring math symbol \Re on input line 98.
LaTeX Font Info:    Redeclaring math symbol \Im on input line 99.
LaTeX Font Info:    Redeclaring math delimiter \vert on input line 101.
LaTeX Font Info:    Redeclaring math delimiter \backslash on input line 103.
LaTeX Font Info:    Redeclaring math symbol \neg on input line 106.
LaTeX Font Info:    Redeclaring math symbol \wedge on input line 108.
LaTeX Font Info:    Redeclaring math symbol \vee on input line 110.
LaTeX Font Info:    Redeclaring math symbol \setminus on input line 112.
LaTeX Font Info:    Redeclaring math symbol \sim on input line 113.
LaTeX Font Info:    Redeclaring math symbol \mid on input line 114.
LaTeX Font Info:    Redeclaring math delimiter \arrowvert on input line 116.
LaTeX Font Info:    Redeclaring math symbol \mathsection on input line 117.
\symEulerExtension=\mathgroup8
LaTeX Font Info:    Redeclaring math symbol \coprod@ on input line 125.
LaTeX Font Info:    Redeclaring math symbol \prod@ on input line 125.
LaTeX Font Info:    Redeclaring math symbol \sum@ on input line 125.
LaTeX Font Info:    Redeclaring math symbol \intop on input line 130.
LaTeX Font Info:    Redeclaring math symbol \ointop on input line 131.
LaTeX Font Info:    Redeclaring math symbol \braceld on input line 132.
LaTeX Font Info:    Redeclaring math symbol \bracerd on input line 133.
LaTeX Font Info:    Redeclaring math symbol \bracelu on input line 134.
LaTeX Font Info:    Redeclaring math symbol \braceru on input line 135.
LaTeX Font Info:    Redeclaring math symbol \infty on input line 136.
LaTeX Font Info:    Redeclaring math symbol \nearrow on input line 153.
LaTeX Font Info:    Redeclaring math symbol \searrow on input line 154.
LaTeX Font Info:    Redeclaring math symbol \nwarrow on input line 155.
LaTeX Font Info:    Redeclaring math symbol \swarrow on input line 156.
LaTeX Font Info:    Redeclaring math symbol \Leftrightarrow on input line 157.
LaTeX Font Info:    Redeclaring math symbol \Leftarrow on input line 158.
LaTeX Font Info:    Redeclaring math symbol \Rightarrow on input line 159.
LaTeX Font Info:    Redeclaring math symbol \leftrightarrow on input line 160.
LaTeX Font Info:    Redeclaring math symbol \leftarrow on input line 161.
LaTeX Font Info:    Redeclaring math symbol \rightarrow on input line 163.
LaTeX Font Info:    Redeclaring math delimiter \uparrow on input line 166.
LaTeX Font Info:    Redeclaring math delimiter \downarrow on input line 168.
LaTeX Font Info:    Redeclaring math delimiter \updownarrow on input line 170.
LaTeX Font Info:    Redeclaring math delimiter \Uparrow on input line 172.
LaTeX Font Info:    Redeclaring math delimiter \Downarrow on input line 174.
LaTeX Font Info:    Redeclaring math delimiter \Updownarrow on input line 176.
LaTeX Font Info:    Redeclaring math symbol \leftharpoonup on input line 177.
LaTeX Font Info:    Redeclaring math symbol \leftharpoondown on input line 178.

LaTeX Font Info:    Redeclaring math symbol \rightharpoonup on input line 179.
LaTeX Font Info:    Redeclaring math symbol \rightharpoondown on input line 180
.
LaTeX Font Info:    Redeclaring math delimiter \lbrace on input line 182.
LaTeX Font Info:    Redeclaring math delimiter \rbrace on input line 184.
\symcmmigroup=\mathgroup9
LaTeX Font Info:    Overwriting symbol font `cmmigroup' in version `bold'
(Font)                  OML/cmm/m/it --> OML/cmm/b/it on input line 200.
LaTeX Font Info:    Redeclaring math accent \vec on input line 201.
LaTeX Font Info:    Redeclaring math symbol \triangleleft on input line 202.
LaTeX Font Info:    Redeclaring math symbol \triangleright on input line 203.
LaTeX Font Info:    Redeclaring math symbol \star on input line 204.
LaTeX Font Info:    Redeclaring math symbol \lhook on input line 205.
LaTeX Font Info:    Redeclaring math symbol \rhook on input line 206.
LaTeX Font Info:    Redeclaring math symbol \flat on input line 207.
LaTeX Font Info:    Redeclaring math symbol \natural on input line 208.
LaTeX Font Info:    Redeclaring math symbol \sharp on input line 209.
LaTeX Font Info:    Redeclaring math symbol \smile on input line 210.
LaTeX Font Info:    Redeclaring math symbol \frown on input line 211.
LaTeX Font Info:    Redeclaring math accent \hat on input line 254.
) (/usr/local/texlive/2007/texmf-dist/tex/latex/base/latexsym.sty
Package: latexsym 1998/08/17 v2.2e Standard LaTeX package (lasy symbols)
\symlasy=\mathgroup10
LaTeX Font Info:    Overwriting symbol font `lasy' in version `bold'
(Font)                  U/lasy/m/n --> U/lasy/b/n on input line 47.
)
(/usr/local/texlive/2007/texmf-dist/tex/latex/antt/anttor.sty
Package: anttor 2005/10/03 v.1.2 anttor (Antykwa Torunska) package (MW)
)
(/usr/local/texlive/2007/texmf-dist/tex/latex/graphics/graphicx.sty
Package: graphicx 1999/02/16 v1.0f Enhanced LaTeX Graphics (DPC,SPQR)

(/usr/local/texlive/2007/texmf-dist/tex/latex/graphics/keyval.sty
Package: keyval 1999/03/16 v1.13 key=value parser (DPC)
\KV@toks@=\toks19
)
(/usr/local/texlive/2007/texmf-dist/tex/latex/graphics/graphics.sty
Package: graphics 2006/02/20 v1.0o Standard LaTeX Graphics (DPC,SPQR)

(/usr/local/texlive/2007/texmf-dist/tex/latex/graphics/trig.sty
Package: trig 1999/03/16 v1.09 sin cos tan (DPC)
)
(/usr/local/texlive/2007/texmf/tex/latex/config/graphics.cfg
File: graphics.cfg 2007/01/18 v1.5 graphics configuration of teTeX/TeXLive
)
Package graphics Info: Driver file: pdftex.def on input line 90.

(/usr/local/texlive/2007/texmf-dist/tex/latex/pdftex-def/pdftex.def
File: pdftex.def 2007/01/08 v0.04d Graphics/color for pdfTeX
\Gread@gobject=\count100
))
\Gin@req@height=\dimen112
\Gin@req@width=\dimen113
)
(/usr/local/texlive/2007/texmf-dist/tex/latex/slantsc/slantsc.sty
Package: slantsc 2003/11/09 v2.10 Provide Slanted an Italic Small Caps

(/usr/local/texlive/2007/texmf-dist/tex/latex/base/ifthen.sty
Package: ifthen 2001/05/26 v1.1c Standard LaTeX ifthen package (DPC)
)
LaTeX Info: Redefining \upshape on input line 35.
LaTeX Info: Redefining \slshape on input line 45.
LaTeX Info: Redefining \itshape on input line 55.
LaTeX Info: Redefining \scshape on input line 65.
)
(./tarasova 1.aux)
\openout1 = `"tarasova 1.aux"'.

LaTeX Font Info:    Checking defaults for OML/cmm/m/it on input line 37.
LaTeX Font Info:    ... okay on input line 37.
LaTeX Font Info:    Checking defaults for T1/cmr/m/n on input line 37.
LaTeX Font Info:    ... okay on input line 37.
LaTeX Font Info:    Checking defaults for OT1/cmr/m/n on input line 37.
LaTeX Font Info:    ... okay on input line 37.
LaTeX Font Info:    Checking defaults for OMS/cmsy/m/n on input line 37.
LaTeX Font Info:    ... okay on input line 37.
LaTeX Font Info:    Checking defaults for OMX/cmex/m/n on input line 37.
LaTeX Font Info:    ... okay on input line 37.
LaTeX Font Info:    Checking defaults for U/cmr/m/n on input line 37.
LaTeX Font Info:    ... okay on input line 37.
LaTeX Font Info:    Try loading font information for OT1+anttl on input line 37
.

(/usr/local/texlive/2007/texmf-dist/tex/latex/antt/ot1anttl.fd
File: ot1anttl.fd 2005/10/05 v1.2 font definition file for OT1/anttl (MW)
)
LaTeX Info: Redefining \celsius on input line 37.
Package gensymb Info: Faking symbols for \degree and \celsius on input line 37.



Package gensymb Warning: Not defining \perthousand.

LaTeX Info: Redefining \ohm on input line 37.
Package gensymb Info: Using \Omega for \ohm on input line 37.

Package gensymb Warning: Not defining \micro.

LaTeX Font Info:    Redeclaring symbol font `operators' on input line 37.
LaTeX Font Info:    Overwriting symbol font `operators' in version `normal'
(Font)                  OT1/cmr/m/n --> OT1/anttl/m/n on input line 37.
LaTeX Font Info:    Overwriting symbol font `operators' in version `bold'
(Font)                  OT1/cmr/bx/n --> OT1/anttl/m/n on input line 37.
LaTeX Font Info:    Overwriting symbol font `operators' in version `bold'
(Font)                  OT1/anttl/m/n --> OT1/anttl/b/n on input line 37.
LaTeX Font Info:    Redeclaring math alphabet \mathbf on input line 37.
LaTeX Font Info:    Overwriting math alphabet `\mathbf' in version `normal'
(Font)                  OT1/cmr/bx/n --> OT1/anttl/b/n on input line 37.
LaTeX Font Info:    Overwriting math alphabet `\mathbf' in version `bold'
(Font)                  OT1/cmr/bx/n --> OT1/anttl/b/n on input line 37.
LaTeX Font Info:    Redeclaring math alphabet \mathsf on input line 37.
LaTeX Font Info:    Overwriting math alphabet `\mathsf' in version `normal'
(Font)                  OT1/cmss/m/n --> OT1/cmss/m/n on input line 37.
LaTeX Font Info:    Overwriting math alphabet `\mathsf' in version `bold'
(Font)                  OT1/cmss/bx/n --> OT1/cmss/m/n on input line 37.
LaTeX Font Info:    Redeclaring math alphabet \mathit on input line 37.
LaTeX Font Info:    Overwriting math alphabet `\mathit' in version `normal'
(Font)                  OT1/cmr/m/it --> OT1/anttl/m/it on input line 37.
LaTeX Font Info:    Overwriting math alphabet `\mathit' in version `bold'
(Font)                  OT1/cmr/bx/it --> OT1/anttl/m/it on input line 37.
LaTeX Font Info:    Redeclaring math alphabet \mathtt on input line 37.
LaTeX Font Info:    Overwriting math alphabet `\mathtt' in version `normal'
(Font)                  OT1/cmtt/m/n --> OT1/cmtt/m/n on input line 37.
LaTeX Font Info:    Overwriting math alphabet `\mathtt' in version `bold'
(Font)                  OT1/cmtt/m/n --> OT1/cmtt/m/n on input line 37.
LaTeX Font Info:    Overwriting math alphabet `\mathsf' in version `bold'
(Font)                  OT1/cmss/m/n --> OT1/cmss/b/n on input line 37.
LaTeX Font Info:    Overwriting math alphabet `\mathit' in version `bold'
(Font)                  OT1/anttl/m/it --> OT1/anttl/b/it on input line 37.
(/usr/local/texlive/2007/texmf-dist/tex/context/base/supp-pdf.tex
[Loading MPS to PDF converter (version 2006.09.02).]
\scratchcounter=\count101
\scratchdimen=\dimen114
\scratchbox=\box28
\nofMPsegments=\count102
\nofMParguments=\count103
\MPscratchCnt=\count104
\MPscratchDim=\dimen115
\MPnumerator=\count105
\everyMPtoPDFconversion=\toks20
)
LaTeX Font Info:    Try loading font information for U+eur on input line 39.
 (/usr/local/texlive/2007/texmf-dist/tex/latex/amsfonts/ueur.fd
File: ueur.fd 2002/01/19 v2.2g AMS font definitions
)
LaTeX Font Info:    Try loading font information for U+msa on input line 39.

(/usr/local/texlive/2007/texmf-dist/tex/latex/amsfonts/umsa.fd
File: umsa.fd 2002/01/19 v2.2g AMS font definitions
)
LaTeX Font Info:    Try loading font information for U+msb on input line 39.

(/usr/local/texlive/2007/texmf-dist/tex/latex/amsfonts/umsb.fd
File: umsb.fd 2002/01/19 v2.2g AMS font definitions
)
LaTeX Font Info:    Try loading font information for U+euf on input line 39.

(/usr/local/texlive/2007/texmf-dist/tex/latex/amsfonts/ueuf.fd
File: ueuf.fd 2002/01/19 v2.2g AMS font definitions
)
LaTeX Font Info:    Try loading font information for U+eus on input line 39.

(/usr/local/texlive/2007/texmf-dist/tex/latex/amsfonts/ueus.fd
File: ueus.fd 2002/01/19 v2.2g AMS font definitions
)
LaTeX Font Info:    Try loading font information for U+euex on input line 39.

(/usr/local/texlive/2007/texmf-dist/tex/latex/amsfonts/ueuex.fd
File: ueuex.fd 2002/01/19 v2.2g AMS font definitions
)
LaTeX Font Info:    External font `euex7' loaded for size
(Font)              <7> on input line 39.
LaTeX Font Info:    Try loading font information for U+lasy on input line 39.

(/usr/local/texlive/2007/texmf-dist/tex/latex/base/ulasy.fd
File: ulasy.fd 1998/08/17 v2.2e LaTeX symbol font definitions
) [1


{/usr/local/texlive/2007/texmf-var/fonts/map/pdftex/updmap/pdftex.map}]

LaTeX Font Warning: Font shape `OT1/anttl/m/sl' undefined
(Font)              using `OT1/anttl/m/n' instead on input line 45.

[2

]
Chapter 1.

LaTeX Warning: Reference `fig104a' on page 3 undefined on input line 53.

LaTeX Font Info:    External font `euex7' loaded for size
(Font)              <6> on input line 53.

LaTeX Warning: Reference `fig104b' on page 3 undefined on input line 69.

[3]

LaTeX Warning: Reference `fig104a' on page 4 undefined on input line 75.


LaTeX Warning: Reference `fig105a' on page 4 undefined on input line 79.

[4]

LaTeX Warning: Reference `fig104a' on page 5 undefined on input line 100.


LaTeX Warning: Reference `105a' on page 5 undefined on input line 108.

[5]

LaTeX Warning: Reference `104c' on page 6 undefined on input line 125.


LaTeX Warning: Reference `105b' on page 6 undefined on input line 131.


LaTeX Warning: Reference `105b' on page 6 undefined on input line 143.


LaTeX Warning: Reference `fig106' on page 6 undefined on input line 148.

[6]

LaTeX Warning: Reference `174' on page 7 undefined on input line 177.


LaTeX Warning: Reference `174' on page 7 undefined on input line 181.


LaTeX Warning: Reference `fig107a' on page 7 undefined on input line 183.


LaTeX Warning: Reference `107b' on page 7 undefined on input line 191.

[7]

LaTeX Warning: Reference `fig110' on page 8 undefined on input line 195.


LaTeX Warning: Reference `fig110' on page 8 undefined on input line 201.


LaTeX Warning: Reference `175' on page 8 undefined on input line 207.


Overfull \hbox (3.23065pt too wide) in paragraph at lines 207--208
[]\OT1/anttl/m/sc/12 Teacher: \OT1/anttl/m/sl/12 You were cor-rect in con-clud-
ing that no cur-rent flows through
 []


LaTeX Warning: Reference `fig111' on page 8 undefined on input line 212.

[8]
Overfull \hbox (20.46881pt too wide) in paragraph at lines 248--248
[]\OT1/anttl/b/n/17.28 Can you com-pute the re-sis-tance of a branched
 []


LaTeX Warning: Reference `117a' on page 9 undefined on input line 249.


Overfull \hbox (39.67313pt too wide) has occurred while \output is active
\OT1/anttl/m/sl/12 1.2.  CAN A CAPACITOR CONNECTED INTO A DIRECT CURRENT CIRCUI
T? 9
 []

[9]

LaTeX Warning: Reference `fig117b' on page 10 undefined on input line 255.


LaTeX Warning: Reference `fig117c' on page 10 undefined on input line 257.


LaTeX Warning: Reference `fig117c' on page 10 undefined on input line 259.


LaTeX Warning: Reference `fig118a' on page 10 undefined on input line 260.

[10]
Overfull \hbox (114.63307pt too wide) has occurred while \output is active
\OT1/anttl/m/sl/12 1.3.  CAN YOU COMPUTE THE RESISTANCE OF A BRANCHED PORTION O
F A CIRCUIT? 11
 []

[11] [12

]
Chapter 2.

LaTeX Warning: Reference `fig128' on page 13 undefined on input line 289.

[13]

LaTeX Warning: Reference `fig129' on page 14 undefined on input line 299.


LaTeX Warning: Reference `fig129' on page 14 undefined on input line 323.


LaTeX Warning: Reference `fig130' on page 14 undefined on input line 325.


LaTeX Warning: Reference `fig130' on page 14 undefined on input line 325.

[14]

LaTeX Warning: Reference `fig130' on page 15 undefined on input line 349.


Overfull \hbox (62.30373pt too wide) has occurred while \output is active
\OT1/anttl/m/sl/12 2.1.  DO YOU KNOW HOW LIGHT BEAMS ARE REFLECTED AND REFRACTE
D? 15
 []

[15]

LaTeX Warning: Reference `fig131' on page 16 undefined on input line 365.

[16]

! LaTeX Error: Unknown graphics extension: .eps.

See the LaTeX manual or LaTeX Companion for explanation.
Type  H <return>  for immediate help.
 ...                                              
                                                  
l.396 ...ludegraphics[scale=0.8]{tarasova132a.eps}
                                                  
? 

! LaTeX Error: Unknown graphics extension: .eps.

See the LaTeX manual or LaTeX Companion for explanation.
Type  H <return>  for immediate help.
 ...                                              
                                                  
l.407 ...ludegraphics[scale=0.8]{tarasova132b.eps}
                                                  
? 

LaTeX Warning: Reference `fig129' on page 17 undefined on input line 415.


LaTeX Warning: Reference `132b' on page 17 undefined on input line 415.


Overfull \hbox (66.38371pt too wide) has occurred while \output is active
\OT1/anttl/m/sl/12 2.2.  HOW DO YOU CONSTRUCT IMAGES FORMED BY MIRRORS AND LENS
ES? 17
 []

[17]

LaTeX Warning: Reference `fig133a' on page 18 undefined on input line 417.


LaTeX Warning: Reference `fig133b' on page 18 undefined on input line 419.


LaTeX Warning: Reference `fig133c' on page 18 undefined on input line 421.


LaTeX Warning: Reference `fig133c' on page 18 undefined on input line 421.


LaTeX Warning: Reference `fig134a' on page 18 undefined on input line 423.


LaTeX Warning: Reference `fig134b' on page 18 undefined on input line 425.


LaTeX Warning: Reference `fig134c' on page 18 undefined on input line 427.


LaTeX Warning: Reference `fig134d' on page 18 undefined on input line 431.


LaTeX Warning: Reference `fig134e' on page 18 undefined on input line 431.

[18]

LaTeX Warning: Reference `fig135a' on page 19 undefined on input line 435.


LaTeX Warning: Reference `fig135b' on page 19 undefined on input line 435.


LaTeX Warning: Reference `fig134' on page 19 undefined on input line 443.


Overfull \hbox (66.38371pt too wide) has occurred while \output is active
\OT1/anttl/m/sl/12 2.2.  HOW DO YOU CONSTRUCT IMAGES FORMED BY MIRRORS AND LENS
ES? 19
 []

[19]

LaTeX Warning: Reference `136a' on page 20 undefined on input line 451.


LaTeX Warning: Reference `136a' on page 20 undefined on input line 451.


LaTeX Warning: Reference `fig136b' on page 20 undefined on input line 459.


LaTeX Warning: Reference `fig136b' on page 20 undefined on input line 459.


LaTeX Warning: Reference `fig136c' on page 20 undefined on input line 461.


LaTeX Warning: Reference `fig136c' on page 20 undefined on input line 461.


LaTeX Warning: Reference `fig136d' on page 20 undefined on input line 465.


LaTeX Warning: Reference `136d' on page 20 undefined on input line 465.

[20]

LaTeX Warning: Reference `fig137a' on page 21 undefined on input line 469.


LaTeX Warning: Reference `fig137b' on page 21 undefined on input line 471.


LaTeX Warning: Reference `fig138a' on page 21 undefined on input line 483.


Overfull \hbox (66.38371pt too wide) has occurred while \output is active
\OT1/anttl/m/sl/12 2.2.  HOW DO YOU CONSTRUCT IMAGES FORMED BY MIRRORS AND LENS
ES? 21
 []

[21]

LaTeX Warning: Reference `fig138b' on page 22 undefined on input line 489.


LaTeX Warning: Reference `fig138b' on page 22 undefined on input line 489.


LaTeX Warning: Reference `fig138c' on page 22 undefined on input line 489.


LaTeX Warning: Reference `139a' on page 22 undefined on input line 493.


LaTeX Warning: Reference `139b' on page 22 undefined on input line 493.

[22]
Overfull \hbox (79.48766pt too wide) has occurred while \output is active
\OT1/anttl/m/sl/12 2.3.  HOW WELL DO YOU SOLVE PROBLEMS INVOLVING LENSES AND MI
RRORS? 23
 []

[23] [24]
Overfull \hbox (79.48766pt too wide) has occurred while \output is active
\OT1/anttl/m/sl/12 2.3.  HOW WELL DO YOU SOLVE PROBLEMS INVOLVING LENSES AND MI
RRORS? 25
 []

[25] [26]
Overfull \hbox (79.48766pt too wide) has occurred while \output is active
\OT1/anttl/m/sl/12 2.3.  HOW WELL DO YOU SOLVE PROBLEMS INVOLVING LENSES AND MI
RRORS? 27
 []

[27] [28] (./tarasova 1.aux)

LaTeX Font Warning: Some font shapes were not available, defaults substituted.


LaTeX Warning: There were undefined references.

 )
(\end occurred inside a group at level 2)

### simple group (level 2) entered at line 260 ({)
### simple group (level 1) entered at line 19 ({)
### bottom level 
Here is how much of TeX's memory you used:
 2201 strings out of 94073
 27838 string characters out of 1162983
 76394 words of memory out of 1500000
 5436 multiletter control sequences out of 10000+50000
 64724 words of font info for 84 fonts, out of 1200000 for 2000
 645 hyphenation exceptions out of 8191
 27i,9n,24p,1155b,1141s stack positions out of 5000i,500n,6000p,200000b,5000s
{/usr/local/texlive/2007/texmf-dist/fonts/enc/dvips/antt/anttca
p-qx.enc}{/usr/local/texlive/2007/texmf-dist/fonts/enc/dvips/antt/antt-qx.enc}<
/usr/local/texlive/2007/texmf-dist/fonts/type1/public/antt/anttl.pfb></usr/loca
l/texlive/2007/texmf-dist/fonts/type1/public/antt/anttli.pfb></usr/local/texliv
e/2007/texmf-dist/fonts/type1/public/antt/anttm.pfb></usr/local/texlive/2007/te
xmf-dist/fonts/type1/bluesky/cm/cmex10.pfb></usr/local/texlive/2007/texmf-dist/
fonts/type1/bluesky/cm/cmsy10.pfb></usr/local/texlive/2007/texmf-dist/fonts/typ
e1/bluesky/ams/euex10.pfb></usr/local/texlive/2007/texmf-dist/fonts/type1/blues
ky/ams/eufm10.pfb></usr/local/texlive/2007/texmf-dist/fonts/type1/bluesky/ams/e
ufm7.pfb></usr/local/texlive/2007/texmf-dist/fonts/type1/bluesky/ams/eurm10.pfb
></usr/local/texlive/2007/texmf-dist/fonts/type1/bluesky/ams/eurm7.pfb></usr/lo
cal/texlive/2007/texmf-dist/fonts/type1/bluesky/ams/eusm10.pfb>
Output written on "tarasova 1.pdf" (28 pages, 248094 bytes).
PDF statistics:
 142 PDF objects out of 1000 (max. 8388607)
 0 named destinations out of 1000 (max. 131072)
 1 words of extra memory for PDF output out of 10000 (max. 10000000)

