\BOOKMARK [0][-]{chapter*.2}{\376\377\000F\000r\000o\000m\000\040\000T\000h\000e\000\040\000E\000d\000i\000t\000o\000r\000\040\000O\000f\000\040\000T\000h\000e\000\040\000R\000u\000s\000s\000i\000a\000n\000\040\000E\000d\000i\000t\000i\000o\000n}{}% 1
\BOOKMARK [0][-]{chapter*.3}{\376\377\000F\000o\000r\000e\000w\000o\000r\000d}{}% 2
\BOOKMARK [0][-]{chapter.1}{\376\377\000C\000a\000n\000\040\000Y\000o\000u\000\040\000A\000n\000a\000l\000y\000s\000e\000\040\000G\000r\000a\000p\000h\000s\000\040\000R\000e\000p\000r\000e\000s\000e\000n\000t\000i\000n\000g\000\040\000T\000h\000e\000\040\000K\000i\000n\000e\000m\000a\000t\000i\000c\000s\000\040\000O\000f\000\040\000S\000t\000r\000a\000i\000g\000h\000t\000-\000L\000i\000n\000e\000\040\000M\000o\000t\000i\000o\000n\000?}{}% 3
\BOOKMARK [0][-]{chapter.2}{\376\377\000C\000a\000n\000\040\000Y\000o\000u\000\040\000S\000h\000o\000w\000\040\000T\000h\000e\000\040\000F\000o\000r\000c\000e\000s\000\040\000A\000p\000p\000l\000i\000e\000d\000\040\000T\000o\000\040\000A\000\040\000B\000o\000d\000y\000?}{}% 4
\BOOKMARK [0][-]{chapter.3}{\376\377\000C\000a\000n\000\040\000Y\000o\000u\000\040\000D\000e\000t\000e\000r\000m\000i\000n\000e\000\040\000T\000h\000e\000\040\000F\000r\000i\000c\000t\000i\000o\000n\000\040\000F\000o\000r\000c\000e\000?}{}% 5
\BOOKMARK [0][-]{chapter.4}{\376\377\000H\000o\000w\000\040\000W\000e\000l\000l\000\040\000D\000o\000\040\000Y\000o\000u\000\040\000K\000n\000o\000w\000\040\000N\000e\000w\000t\000o\000n\000'\000s\000\040\000L\000a\000w\000s\000\040\000O\000f\000\040\000M\000o\000t\000i\000o\000n\000?}{}% 6
\BOOKMARK [0][-]{chapter.5}{\376\377\000H\000o\000w\000\040\000D\000o\000\040\000Y\000o\000u\000\040\000G\000o\000\040\000A\000b\000o\000u\000t\000\040\000S\000o\000l\000v\000i\000n\000g\000\040\000P\000r\000o\000b\000l\000e\000m\000s\000\040\000I\000n\000\040\000K\000i\000n\000e\000m\000a\000t\000i\000c\000s\000?}{}% 7
\BOOKMARK [1][-]{section*.8}{\376\377\000P\000R\000O\000B\000L\000E\000M\000S}{chapter.5}% 8
\BOOKMARK [0][-]{chapter.6}{\376\377\000H\000o\000w\000\040\000D\000o\000\040\000Y\000o\000u\000\040\000G\000o\000\040\000A\000b\000o\000u\000t\000\040\000S\000o\000l\000v\000i\000n\000g\000\040\000P\000r\000o\000b\000l\000e\000m\000s\000\040\000I\000n\000\040\000D\000y\000n\000a\000m\000i\000c\000s\000?}{}% 9
\BOOKMARK [1][-]{section*.10}{\376\377\000P\000R\000O\000B\000L\000E\000M\000S}{chapter.6}% 10
\BOOKMARK [0][-]{chapter.7}{\376\377\000A\000r\000e\000\040\000P\000r\000o\000b\000l\000e\000m\000s\000\040\000I\000n\000\040\000D\000y\000n\000a\000m\000i\000c\000s\000\040\000M\000u\000c\000h\000\040\000M\000o\000r\000e\000\040\000D\000i\000f\000f\000i\000c\000u\000l\000t\000\040\000T\000o\000\040\000S\000o\000l\000v\000e\000\040\000I\000f\000\040\000F\000r\000i\000c\000t\000i\000o\000n\000\040\000I\000s\000\040\000T\000a\000k\000e\000n\000\040\000I\000n\000t\000o\000\040\000A\000c\000c\000o\000u\000n\000t\000?}{}% 11
\BOOKMARK [1][-]{section*.12}{\376\377\000P\000R\000O\000B\000L\000E\000M\000S}{chapter.7}% 12
\BOOKMARK [0][-]{chapter.8}{\376\377\000H\000o\000w\000\040\000D\000o\000\040\000Y\000o\000u\000\040\000D\000e\000a\000l\000\040\000W\000i\000t\000h\000\040\000M\000o\000t\000i\000o\000n\000\040\000I\000n\000\040\000A\000\040\000C\000i\000r\000c\000l\000e\000?}{}% 13
\BOOKMARK [1][-]{section*.13}{\376\377\000P\000R\000O\000B\000L\000E\000M\000S}{chapter.8}% 14
\BOOKMARK [0][-]{chapter.9}{\376\377\000H\000o\000w\000\040\000D\000o\000\040\000Y\000o\000u\000\040\000E\000x\000p\000l\000a\000i\000n\000\040\000T\000h\000e\000\040\000W\000e\000i\000g\000h\000t\000l\000e\000s\000s\000n\000e\000s\000s\000\040\000O\000f\000\040\000B\000o\000d\000i\000e\000s\000?}{}% 15
\BOOKMARK [1][-]{section*.15}{\376\377\000P\000R\000O\000B\000L\000E\000M}{chapter.9}% 16
\BOOKMARK [0][-]{chapter.10}{\376\377\000C\000a\000n\000\040\000Y\000o\000u\000\040\000A\000p\000p\000l\000y\000\040\000T\000h\000e\000\040\000L\000a\000w\000s\000\040\000O\000f\000\040\000C\000o\000n\000s\000e\000r\000v\000a\000t\000i\000o\000n\000\040\000O\000f\000\040\000E\000n\000e\000r\000g\000y\000\040\000A\000n\000d\000\040\000L\000i\000n\000e\000a\000r\000\040\000M\000o\000m\000e\000n\000t\000u\000m\000?}{}% 17
\BOOKMARK [1][-]{section*.17}{\376\377\000P\000R\000O\000B\000L\000E\000M\000S}{chapter.10}% 18
\BOOKMARK [0][-]{chapter.11}{\376\377\000C\000a\000n\000\040\000Y\000o\000u\000\040\000D\000e\000a\000l\000\040\000W\000i\000t\000h\000\040\000H\000a\000r\000m\000o\000n\000i\000c\000\040\000V\000i\000b\000r\000a\000t\000i\000o\000n\000s\000?}{}% 19
\BOOKMARK [1][-]{section*.18}{\376\377\000P\000R\000O\000B\000L\000E\000M\000S}{chapter.11}% 20
\BOOKMARK [0][-]{chapter.12}{\376\377\000W\000h\000a\000t\000\040\000H\000a\000p\000p\000e\000n\000s\000\040\000T\000o\000\040\000A\000\040\000P\000e\000n\000d\000u\000l\000u\000m\000\040\000I\000n\000\040\000A\000\040\000S\000t\000a\000t\000e\000\040\000O\000f\000\040\000W\000e\000i\000g\000h\000t\000l\000e\000s\000s\000n\000e\000s\000s\000?}{}% 21
\BOOKMARK [0][-]{chapter.13}{\376\377\000C\000a\000n\000\040\000Y\000o\000u\000\040\000U\000s\000e\000\040\000T\000h\000e\000\040\000F\000o\000r\000c\000e\000\040\000R\000e\000s\000o\000l\000u\000t\000i\000o\000n\000\040\000M\000e\000t\000h\000o\000d\000\040\000E\000f\000f\000i\000c\000i\000e\000n\000t\000l\000y\000?}{}% 22
\BOOKMARK [1][-]{section*.20}{\376\377\000P\000R\000O\000B\000L\000E\000M\000S}{chapter.13}% 23
\BOOKMARK [0][-]{chapter.14}{\376\377\000W\000h\000a\000t\000\040\000D\000o\000\040\000Y\000o\000u\000\040\000K\000n\000o\000w\000\040\000A\000b\000o\000u\000t\000\040\000T\000h\000e\000\040\000E\000q\000u\000i\000l\000i\000b\000r\000i\000u\000m\000\040\000O\000f\000\040\000B\000o\000d\000i\000e\000s\000?}{}% 24
\BOOKMARK [0][-]{chapter.15}{\376\377\000H\000o\000w\000\040\000D\000o\000\040\000Y\000o\000u\000\040\000L\000o\000c\000a\000t\000e\000\040\000T\000h\000e\000\040\000C\000e\000n\000t\000r\000e\000\040\000O\000f\000\040\000G\000r\000a\000v\000i\000t\000y\000?\000\040}{}% 25
\BOOKMARK [0][-]{chapter.16}{\376\377\000D\000o\000\040\000y\000o\000u\000\040\000k\000n\000o\000w\000\040\000A\000r\000c\000h\000i\000m\000e\000d\000e\000s\000'\000\040\000p\000r\000i\000n\000c\000i\000p\000l\000e\000?}{}% 26
\BOOKMARK [0][-]{chapter.17}{\376\377\000I\000s\000\040\000A\000r\000c\000h\000i\000m\000e\000d\000e\000s\000'\000\040\000P\000r\000i\000n\000c\000i\000p\000l\000e\000\040\000V\000a\000l\000i\000d\000\040\000I\000n\000\040\000A\000\040\000S\000p\000a\000c\000e\000s\000h\000i\000p\000?}{}% 27
\BOOKMARK [0][-]{chapter.18}{\376\377\000W\000h\000a\000t\000\040\000D\000o\000\040\000Y\000o\000u\000\040\000K\000n\000o\000w\000\040\000A\000b\000o\000u\000t\000\040\000T\000h\000e\000\040\000M\000o\000l\000e\000c\000u\000l\000a\000r\000-\000K\000i\000n\000e\000t\000i\000c\000\040\000T\000h\000e\000o\000r\000y\000\040\000O\000f\000\040\000M\000a\000t\000t\000e\000r\000?}{}% 28
\BOOKMARK [0][-]{chapter.19}{\376\377\000H\000o\000w\000\040\000D\000o\000\040\000Y\000o\000u\000\040\000A\000c\000c\000o\000u\000n\000t\000\040\000F\000o\000r\000\040\000T\000h\000e\000\040\000P\000e\000c\000u\000l\000i\000a\000r\000i\000t\000y\000\040\000I\000n\000\040\000T\000h\000e\000\040\000T\000h\000e\000r\000m\000a\000l\000\040\000E\000x\000p\000a\000n\000s\000i\000o\000n\000\040\000O\000f\000\040\000W\000a\000t\000e\000r\000?}{}% 29
\BOOKMARK [0][-]{chapter.20}{\376\377\000H\000o\000w\000\040\000W\000e\000l\000l\000\040\000D\000o\000\040\000Y\000o\000u\000\040\000K\000n\000o\000w\000\040\000T\000h\000e\000\040\000G\000a\000s\000\040\000L\000a\000w\000s\000?}{}% 30
\BOOKMARK [0][-]{chapter.21}{\376\377\000H\000o\000w\000\040\000D\000o\000\040\000Y\000o\000u\000\040\000G\000o\000\040\000A\000b\000o\000u\000t\000\040\000S\000o\000l\000v\000i\000n\000g\000\040\000P\000r\000o\000b\000l\000e\000m\000s\000\040\000O\000n\000\040\000G\000a\000s\000\040\000L\000a\000w\000s\000?}{}% 31
\BOOKMARK [1][-]{section*.31}{\376\377\000P\000R\000O\000B\000L\000E\000M\000S}{chapter.21}% 32
\BOOKMARK [0][-]{chapter.22}{\376\377\000L\000e\000t\000\040\000U\000s\000\040\000D\000i\000s\000c\000u\000s\000s\000\040\000F\000i\000e\000l\000d\000\040\000T\000h\000e\000o\000r\000y}{}% 33
\BOOKMARK [0][-]{chapter.23}{\376\377\000H\000o\000w\000\040\000I\000s\000\040\000A\000n\000\040\000E\000l\000e\000c\000t\000r\000o\000s\000t\000a\000t\000i\000c\000\040\000F\000i\000e\000l\000d\000\040\000D\000e\000s\000c\000r\000i\000b\000e\000d\000?}{}% 34
\BOOKMARK [0][-]{chapter.24}{\376\377\000H\000o\000w\000\040\000D\000o\000\040\000L\000i\000n\000e\000s\000\040\000O\000f\000\040\000F\000o\000r\000c\000e\000\040\000B\000e\000h\000a\000v\000e\000\040\000N\000e\000a\000r\000\040\000T\000h\000e\000\040\000S\000u\000r\000f\000a\000c\000e\000\040\000O\000f\000\040\000A\000\040\000C\000o\000n\000d\000u\000c\000t\000o\000r\000?}{}% 35
\BOOKMARK [0][-]{chapter.25}{\376\377\000H\000o\000w\000\040\000D\000o\000\040\000Y\000o\000u\000\040\000D\000e\000a\000l\000\040\000W\000i\000t\000h\000\040\000M\000o\000t\000i\000o\000n\000\040\000I\000n\000\040\000A\000\040\000U\000n\000i\000f\000o\000r\000m\000\040\000E\000l\000e\000c\000t\000r\000o\000s\000t\000a\000t\000i\000c\000\040\000F\000i\000e\000l\000d\000?}{}% 36
\BOOKMARK [1][-]{section*.36}{\376\377\000P\000R\000O\000B\000L\000E\000M\000S}{chapter.25}% 37
\BOOKMARK [0][-]{chapter.26}{\376\377\000C\000a\000n\000\040\000Y\000o\000u\000\040\000A\000p\000p\000l\000y\000\040\000C\000o\000u\000l\000o\000m\000b\000'\000s\000\040\000L\000a\000w\000?}{}% 38
\BOOKMARK [1][-]{section*.37}{\376\377\000P\000R\000O\000B\000L\000E\000M\000S}{chapter.26}% 39
\BOOKMARK [0][-]{chapter.27}{\376\377\000D\000o\000\040\000Y\000o\000u\000\040\000K\000n\000o\000w\000\040\000O\000h\000m\000'\000s\000\040\000L\000a\000w\000?}{}% 40
\BOOKMARK [1][-]{section*.39}{\376\377\000P\000R\000O\000B\000L\000E\000M\000S}{chapter.27}% 41
\BOOKMARK [0][-]{chapter.28}{\376\377\000C\000a\000n\000\040\000A\000\040\000C\000a\000p\000a\000c\000i\000t\000o\000r\000\040\000B\000e\000\040\000C\000o\000n\000n\000e\000c\000t\000e\000d\000\040\000I\000n\000t\000o\000\040\000A\000\040\000D\000i\000r\000e\000c\000t\000-\000C\000u\000r\000r\000e\000n\000t\000\040\000C\000i\000r\000c\000u\000i\000t\000?}{}% 42
\BOOKMARK [0][-]{chapter.29}{\376\377\000C\000a\000n\000\040\000y\000o\000u\000\040\000c\000o\000m\000p\000u\000t\000e\000\040\000t\000h\000e\000\040\000r\000e\000s\000i\000s\000t\000a\000n\000c\000e\000\040\000o\000f\000\040\000a\000\040\000b\000r\000a\000n\000c\000h\000e\000d\000\040\000p\000o\000r\000t\000i\000o\000n\000\040\000o\000f\000\040\000a\000\040\000c\000i\000r\000c\000u\000i\000t\000?}{}% 43
\BOOKMARK [1][-]{section*.41}{\376\377\000P\000R\000O\000B\000L\000E\000M\000S}{chapter.29}% 44
\BOOKMARK [0][-]{chapter.30}{\376\377\000W\000h\000y\000\040\000D\000i\000d\000\040\000T\000h\000e\000\040\000E\000l\000e\000c\000t\000r\000i\000c\000\040\000B\000u\000l\000b\000\040\000B\000u\000r\000n\000\040\000O\000u\000t\000?}{}% 45
\BOOKMARK [1][-]{section*.43}{\376\377\000P\000R\000O\000B\000L\000E\000M\000S}{chapter.30}% 46
\BOOKMARK [0][-]{chapter.31}{\376\377\000D\000o\000\040\000Y\000o\000u\000\040\000K\000n\000o\000w\000\040\000H\000o\000w\000\040\000L\000i\000g\000h\000t\000\040\000B\000e\000a\000m\000s\000\040\000A\000r\000e\000\040\000R\000e\000f\000l\000e\000c\000t\000e\000d\000\040\000A\000n\000d\000\040\000R\000e\000f\000r\000a\000c\000t\000e\000d\000?}{}% 47
\BOOKMARK [1][-]{section*.45}{\376\377\000P\000R\000O\000B\000L\000E\000M\000S}{chapter.31}% 48
\BOOKMARK [0][-]{chapter.32}{\376\377\000H\000o\000w\000\040\000D\000o\000\040\000Y\000o\000u\000\040\000C\000o\000n\000s\000t\000r\000u\000c\000t\000\040\000I\000m\000a\000g\000e\000s\000\040\000F\000o\000r\000m\000e\000d\000\040\000B\000y\000\040\000M\000i\000r\000r\000o\000r\000s\000\040\000A\000n\000d\000\040\000L\000e\000n\000s\000e\000s\000?}{}% 49
\BOOKMARK [0][-]{chapter.33}{\376\377\000H\000o\000w\000\040\000W\000e\000l\000l\000\040\000D\000o\000\040\000Y\000o\000u\000\040\000S\000o\000l\000v\000e\000\040\000P\000r\000o\000b\000l\000e\000m\000s\000\040\000I\000n\000v\000o\000l\000v\000i\000n\000g\000\040\000M\000i\000r\000r\000o\000r\000s\000\040\000A\000n\000d\000\040\000L\000e\000n\000s\000e\000s\000?}{}% 50
\BOOKMARK [1][-]{section*.47}{\376\377\000P\000R\000O\000B\000L\000E\000M\000S}{chapter.33}% 51
\BOOKMARK [0][-]{section*.49}{\376\377\000A\000n\000s\000w\000e\000r\000s}{}% 52
